<?xml version="1.0" encoding="UTF-8"?>
<testng-results ignored="0" total="1" passed="1" failed="0" skipped="0">
  <reporter-output>
  </reporter-output>
  <suite started-at="2022-03-11T02:54:31 EST" name="Suite" finished-at="2022-03-11T02:54:31 EST" duration-ms="114">
    <groups>
    </groups>
    <test started-at="2022-03-11T02:54:31 EST" name="Test" finished-at="2022-03-11T02:54:31 EST" duration-ms="114">
      <class name="demoone.mavensecond.Demo">
        <test-method signature="hello()[pri:0, instance:demoone.mavensecond.Demo@193f604a]" started-at="2022-03-11T02:54:31 EST" name="hello" finished-at="2022-03-11T02:54:31 EST" duration-ms="15" status="PASS">
          <reporter-output>
          </reporter-output>
        </test-method> <!-- hello -->
      </class> <!-- demoone.mavensecond.Demo -->
    </test> <!-- Test -->
  </suite> <!-- Suite -->
</testng-results>
